13:27:59  [main] 	Initializing Control Panel
13:27:59  [main] 	Windows Version:  Home  64-bit
13:27:59  [main] 	XAMPP Version: 8.2.12
13:27:59  [main] 	Control Panel Version: 3.3.0  [ Compiled: Apr 6th 2021 ]
13:27:59  [main] 	You are not running with administrator rights! This will work for
13:27:59  [main] 	most application stuff but whenever you do something with services
13:27:59  [main] 	there will be a security dialogue or things will break! So think 
13:27:59  [main] 	about running this application with administrator rights!
13:27:59  [main] 	XAMPP Installation Directory: "c:\xampp\"
13:27:59  [main] 	Checking for prerequisites
13:28:00  [main] 	All prerequisites found
13:28:00  [main] 	Initializing Modules
13:28:00  [Apache] 	XAMPP Apache is already running on port 80
13:28:00  [Apache] 	XAMPP Apache is already running on port 443
13:28:00  [mysql] 	XAMPP MySQL is already running on port 3306
13:28:00  [main] 	The FileZilla module is disabled
13:28:00  [main] 	The Mercury module is disabled
13:28:00  [main] 	The Tomcat module is disabled
13:28:00  [main] 	Starting Check-Timer
13:28:00  [main] 	Control Panel Ready
13:28:04  [Apache] 	Attempting to stop Apache (PID: 13852)
13:28:04  [Apache] 	Attempting to stop Apache (PID: 19292)
13:28:04  [Apache] 	Status change detected: stopped
13:28:05  [mysql] 	Attempting to stop MySQL app...
13:28:05  [mysql] 	Status change detected: stopped
13:28:08  [Apache] 	Attempting to start Apache app...
13:28:09  [Apache] 	Status change detected: running
13:28:09  [mysql] 	Attempting to start MySQL app...
13:28:09  [mysql] 	Status change detected: running
13:35:20  [Apache] 	Attempting to stop Apache (PID: 8088)
13:35:20  [Apache] 	Attempting to stop Apache (PID: 13920)
13:35:21  [Apache] 	Status change detected: stopped
13:35:21  [mysql] 	Attempting to stop MySQL app...
13:35:21  [mysql] 	Status change detected: stopped
13:35:28  [Apache] 	Attempting to start Apache app...
13:35:28  [Apache] 	Status change detected: running
13:35:28  [mysql] 	Attempting to start MySQL app...
13:35:28  [mysql] 	Status change detected: running
13:39:55  [Apache] 	Attempting to stop Apache (PID: 15888)
13:39:55  [Apache] 	Attempting to stop Apache (PID: 15700)
13:39:55  [Apache] 	Status change detected: stopped
13:39:55  [mysql] 	Attempting to stop MySQL app...
13:39:56  [mysql] 	Status change detected: stopped
13:43:09  [Apache] 	Status change detected: running
13:43:09  [mysql] 	Status change detected: running
13:44:56  [Apache] 	Status change detected: stopped
13:44:58  [Apache] 	Attempting to start Apache app...
13:44:58  [Apache] 	Status change detected: running
22:57:56  [Apache] 	Status change detected: stopped
22:57:56  [Apache] 	Error: Apache shutdown unexpectedly.
22:57:56  [Apache] 	This may be due to a blocked port, missing dependencies, 
22:57:56  [Apache] 	improper privileges, a crash, or a shutdown by another method.
22:57:56  [Apache] 	Press the Logs button to view error logs and check
22:57:56  [Apache] 	the Windows Event Viewer for more clues
22:57:56  [Apache] 	If you need more help, copy and post this
22:57:56  [Apache] 	entire log window on the forums
22:57:56  [mysql] 	Status change detected: stopped
23:38:09  [Apache] 	Status change detected: running
23:38:09  [mysql] 	Status change detected: running
00:08:49  [Apache] 	Status change detected: stopped
00:08:49  [Apache] 	Error: Apache shutdown unexpectedly.
00:08:49  [Apache] 	This may be due to a blocked port, missing dependencies, 
00:08:49  [Apache] 	improper privileges, a crash, or a shutdown by another method.
00:08:49  [Apache] 	Press the Logs button to view error logs and check
00:08:49  [Apache] 	the Windows Event Viewer for more clues
00:08:49  [Apache] 	If you need more help, copy and post this
00:08:49  [Apache] 	entire log window on the forums
00:08:56  [mysql] 	Status change detected: stopped
00:10:02  [Apache] 	Status change detected: running
00:10:02  [mysql] 	Status change detected: running
00:10:19  [Apache] 	Status change detected: stopped
00:10:19  [Apache] 	Error: Apache shutdown unexpectedly.
00:10:19  [Apache] 	This may be due to a blocked port, missing dependencies, 
00:10:19  [Apache] 	improper privileges, a crash, or a shutdown by another method.
00:10:19  [Apache] 	Press the Logs button to view error logs and check
00:10:19  [Apache] 	the Windows Event Viewer for more clues
00:10:19  [Apache] 	If you need more help, copy and post this
00:10:19  [Apache] 	entire log window on the forums
00:10:19  [mysql] 	Status change detected: stopped
00:11:30  [Apache] 	Status change detected: running
00:11:31  [mysql] 	Status change detected: running
19:12:50  [main] 	Deinitializing Modules
19:12:50  [main] 	Deinitializing Control Panel

22:32:00  [main] 	Initializing Control Panel
22:32:00  [main] 	Windows Version:  Home  64-bit
22:32:00  [main] 	XAMPP Version: 8.2.12
22:32:00  [main] 	Control Panel Version: 3.3.0  [ Compiled: Apr 6th 2021 ]
22:32:00  [main] 	You are not running with administrator rights! This will work for
22:32:00  [main] 	most application stuff but whenever you do something with services
22:32:00  [main] 	there will be a security dialogue or things will break! So think 
22:32:00  [main] 	about running this application with administrator rights!
22:32:00  [main] 	XAMPP Installation Directory: "c:\xampp\"
22:32:00  [main] 	Checking for prerequisites
22:32:02  [main] 	All prerequisites found
22:32:02  [main] 	Initializing Modules
22:32:02  [Apache] 	XAMPP Apache is already running on port 80
22:32:02  [Apache] 	XAMPP Apache is already running on port 443
22:32:02  [mysql] 	XAMPP MySQL is already running on port 3306
22:32:02  [main] 	The FileZilla module is disabled
22:32:02  [main] 	The Mercury module is disabled
22:32:02  [main] 	The Tomcat module is disabled
22:32:02  [main] 	Starting Check-Timer
22:32:02  [main] 	Control Panel Ready
22:32:10  [main] 	Executing "services.msc"
22:33:02  [main] 	Executing "c:\xampp\"
22:57:56  [Apache] 	Attempting to stop Apache (PID: 7808)
22:57:56  [Apache] 	Attempting to stop Apache (PID: 11024)
22:57:56  [Apache] 	Status change detected: stopped
22:57:56  [mysql] 	Attempting to stop MySQL app...
22:57:56  [mysql] 	Status change detected: stopped
23:38:09  [Apache] 	Status change detected: running
23:38:09  [mysql] 	Status change detected: running
00:08:49  [Apache] 	Status change detected: stopped
00:08:56  [mysql] 	Status change detected: stopped
00:10:02  [Apache] 	Status change detected: running
00:10:02  [mysql] 	Status change detected: running
00:10:19  [Apache] 	Status change detected: stopped
00:10:19  [mysql] 	Status change detected: stopped
00:11:30  [Apache] 	Status change detected: running
00:11:31  [mysql] 	Status change detected: running
19:12:50  [main] 	Deinitializing Modules
19:12:50  [main] 	Deinitializing Control Panel

09:14:24  [main] 	Initializing Control Panel
09:14:24  [main] 	Windows Version:  Home  64-bit
09:14:24  [main] 	XAMPP Version: 8.2.12
09:14:24  [main] 	Control Panel Version: 3.3.0  [ Compiled: Apr 6th 2021 ]
09:14:24  [main] 	You are not running with administrator rights! This will work for
09:14:24  [main] 	most application stuff but whenever you do something with services
09:14:24  [main] 	there will be a security dialogue or things will break! So think 
09:14:24  [main] 	about running this application with administrator rights!
09:14:24  [main] 	XAMPP Installation Directory: "c:\xampp\"
09:14:24  [main] 	Checking for prerequisites
09:14:26  [main] 	All prerequisites found
09:14:26  [main] 	Initializing Modules
09:14:26  [main] 	The FileZilla module is disabled
09:14:26  [main] 	The Mercury module is disabled
09:14:26  [main] 	The Tomcat module is disabled
09:14:26  [main] 	Starting Check-Timer
09:14:26  [main] 	Control Panel Ready
09:14:28  [Apache] 	Attempting to start Apache app...
09:14:28  [Apache] 	Status change detected: running
08:35:45  [main] 	Deinitializing Modules
08:35:45  [main] 	Deinitializing Control Panel

