[20/Jul/2025:19:45:01 -0300] ::1 TLSv1.3 TLS_AES_256_GCM_SHA384 "GET /teste HTTP/1.1" 70843
[20/Jul/2025:19:45:01 -0300] ::1 TLSv1.3 TLS_AES_256_GCM_SHA384 "GET /assets/css/font-awesome.min.css HTTP/1.1" 296
[20/Jul/2025:19:45:01 -0300] ::1 TLSv1.3 TLS_AES_256_GCM_SHA384 "GET /assets/css/animate.css HTTP/1.1" 296
[20/Jul/2025:19:45:01 -0300] ::1 TLSv1.3 TLS_AES_256_GCM_SHA384 "GET /assets/css/app.responsive.css?v=2 HTTP/1.1" 296
[20/Jul/2025:19:45:01 -0300] ::1 TLSv1.3 TLS_AES_256_GCM_SHA384 "GET /assets/fontawesome/css/all.css HTTP/1.1" 296
[20/Jul/2025:19:45:01 -0300] ::1 TLSv1.3 TLS_AES_256_GCM_SHA384 "GET /assets/js/angular-animate.min.js HTTP/1.1" 296
[20/Jul/2025:19:45:01 -0300] ::1 TLSv1.3 TLS_AES_256_GCM_SHA384 "GET /assets/js/jquery-3.4.1.min.js HTTP/1.1" 296
[20/Jul/2025:19:45:02 -0300] ::1 TLSv1.3 TLS_AES_256_GCM_SHA384 "GET /assets/css/selectric.css HTTP/1.1" 296
[20/Jul/2025:19:45:02 -0300] ::1 TLSv1.3 TLS_AES_256_GCM_SHA384 "GET /assets/js/jquery-ui.js HTTP/1.1" 296
[20/Jul/2025:19:45:02 -0300] ::1 TLSv1.3 TLS_AES_256_GCM_SHA384 "GET /assets/js/angular.min.js HTTP/1.1" 296
[20/Jul/2025:19:45:02 -0300] ::1 TLSv1.3 TLS_AES_256_GCM_SHA384 "GET /assets/css/app.min.br.css?v=36 HTTP/1.1" 296
[20/Jul/2025:19:45:02 -0300] ::1 TLSv1.3 TLS_AES_256_GCM_SHA384 "GET /assets/js/jquery-3.4.11.min.js?1 HTTP/1.1" 296
[20/Jul/2025:19:45:06 -0300] ::1 TLSv1.3 TLS_AES_256_GCM_SHA384 "GET /favicon.ico HTTP/1.1" 296
[20/Jul/2025:19:45:59 -0300] ::1 TLSv1.3 TLS_AES_256_GCM_SHA384 "GET /teste HTTP/1.1" 70829
[20/Jul/2025:19:45:59 -0300] ::1 TLSv1.3 TLS_AES_256_GCM_SHA384 "GET /assets/css/font-awesome.min.css HTTP/1.1" 296
[20/Jul/2025:19:45:59 -0300] ::1 TLSv1.3 TLS_AES_256_GCM_SHA384 "GET /assets/css/selectric.css HTTP/1.1" 296
[20/Jul/2025:19:45:59 -0300] ::1 TLSv1.3 TLS_AES_256_GCM_SHA384 "GET /assets/css/animate.css HTTP/1.1" 296
[20/Jul/2025:19:45:59 -0300] ::1 TLSv1.3 TLS_AES_256_GCM_SHA384 "GET /assets/fontawesome/css/all.css HTTP/1.1" 296
[20/Jul/2025:19:45:59 -0300] ::1 TLSv1.3 TLS_AES_256_GCM_SHA384 "GET /assets/js/angular-animate.min.js HTTP/1.1" 296
[20/Jul/2025:19:45:59 -0300] ::1 TLSv1.3 TLS_AES_256_GCM_SHA384 "GET /assets/js/jquery-3.4.1.min.js HTTP/1.1" 296
[20/Jul/2025:19:45:59 -0300] ::1 TLSv1.3 TLS_AES_256_GCM_SHA384 "GET /assets/js/jquery-ui.js HTTP/1.1" 296
[20/Jul/2025:19:45:59 -0300] ::1 TLSv1.3 TLS_AES_256_GCM_SHA384 "GET /assets/css/app.responsive.css?v=2 HTTP/1.1" 296
[20/Jul/2025:19:45:59 -0300] ::1 TLSv1.3 TLS_AES_256_GCM_SHA384 "GET /assets/js/jquery-3.4.11.min.js?1 HTTP/1.1" 296
[20/Jul/2025:19:45:59 -0300] ::1 TLSv1.3 TLS_AES_256_GCM_SHA384 "GET /assets/js/angular.min.js HTTP/1.1" 296
[20/Jul/2025:19:45:59 -0300] ::1 TLSv1.3 TLS_AES_256_GCM_SHA384 "GET /assets/css/app.min.br.css?v=36 HTTP/1.1" 296
[20/Jul/2025:19:46:02 -0300] ::1 TLSv1.3 TLS_AES_256_GCM_SHA384 "GET /teste HTTP/1.1" 70829
[20/Jul/2025:19:46:02 -0300] ::1 TLSv1.3 TLS_AES_256_GCM_SHA384 "GET /assets/css/font-awesome.min.css HTTP/1.1" 296
[20/Jul/2025:19:46:02 -0300] ::1 TLSv1.3 TLS_AES_256_GCM_SHA384 "GET /assets/css/app.min.br.css?v=36 HTTP/1.1" 296
[20/Jul/2025:19:46:02 -0300] ::1 TLSv1.3 TLS_AES_256_GCM_SHA384 "GET /assets/css/selectric.css HTTP/1.1" 296
[20/Jul/2025:19:46:02 -0300] ::1 TLSv1.3 TLS_AES_256_GCM_SHA384 "GET /assets/css/app.responsive.css?v=2 HTTP/1.1" 296
[20/Jul/2025:19:46:02 -0300] ::1 TLSv1.3 TLS_AES_256_GCM_SHA384 "GET /assets/css/animate.css HTTP/1.1" 296
[20/Jul/2025:19:46:02 -0300] ::1 TLSv1.3 TLS_AES_256_GCM_SHA384 "GET /assets/js/angular.min.js HTTP/1.1" 296
[20/Jul/2025:19:46:02 -0300] ::1 TLSv1.3 TLS_AES_256_GCM_SHA384 "GET /assets/js/angular-animate.min.js HTTP/1.1" 296
[20/Jul/2025:19:46:02 -0300] ::1 TLSv1.3 TLS_AES_256_GCM_SHA384 "GET /assets/js/jquery-3.4.1.min.js HTTP/1.1" 296
[20/Jul/2025:19:46:02 -0300] ::1 TLSv1.3 TLS_AES_256_GCM_SHA384 "GET /assets/js/jquery-3.4.11.min.js?1 HTTP/1.1" 296
[20/Jul/2025:19:46:02 -0300] ::1 TLSv1.3 TLS_AES_256_GCM_SHA384 "GET /assets/js/jquery-ui.js HTTP/1.1" 296
[20/Jul/2025:19:46:02 -0300] ::1 TLSv1.3 TLS_AES_256_GCM_SHA384 "GET /assets/fontawesome/css/all.css HTTP/1.1" 296
[20/Jul/2025:19:46:43 -0300] ::1 TLSv1.3 TLS_AES_256_GCM_SHA384 "GET /teste HTTP/1.1" 60779
[20/Jul/2025:19:46:43 -0300] ::1 TLSv1.3 TLS_AES_256_GCM_SHA384 "GET /avatar/Alecs/action=wav&size=l&head_direction=3&direction=3&gesture=sml&dance=0&img_format=png&effect=3&frame_num=0 HTTP/1.1" 296
[20/Jul/2025:19:46:45 -0300] ::1 TLSv1.3 TLS_AES_256_GCM_SHA384 "POST /cdn-cgi/rum? HTTP/1.1" 296
[20/Jul/2025:19:46:45 -0300] ::1 TLSv1.3 TLS_AES_256_GCM_SHA384 "GET /teste HTTP/1.1" 60779
[20/Jul/2025:19:46:46 -0300] ::1 TLSv1.3 TLS_AES_256_GCM_SHA384 "POST /cdn-cgi/rum? HTTP/1.1" 296
[20/Jul/2025:19:46:46 -0300] ::1 TLSv1.3 TLS_AES_256_GCM_SHA384 "GET /avatar/Alecs/action=wav&size=l&head_direction=3&direction=3&gesture=sml&dance=0&img_format=png&effect=3&frame_num=0 HTTP/1.1" 296
[20/Jul/2025:19:46:47 -0300] ::1 TLSv1.3 TLS_AES_256_GCM_SHA384 "POST /cdn-cgi/rum? HTTP/1.1" 296
[20/Jul/2025:19:46:54 -0300] ::1 TLSv1.3 TLS_AES_256_GCM_SHA384 "POST /cdn-cgi/rum? HTTP/1.1" 296
[20/Jul/2025:19:48:05 -0300] ::1 TLSv1.3 TLS_AES_256_GCM_SHA384 "GET /teste HTTP/1.1" 53021
[20/Jul/2025:19:48:05 -0300] ::1 TLSv1.3 TLS_AES_256_GCM_SHA384 "GET /avatar/Alecs/action=wav&size=l&head_direction=3&direction=3&gesture=sml&dance=0&img_format=png&effect=3&frame_num=0 HTTP/1.1" 296
[20/Jul/2025:19:48:08 -0300] ::1 TLSv1.3 TLS_AES_256_GCM_SHA384 "POST /cdn-cgi/rum? HTTP/1.1" 296
[20/Jul/2025:19:48:10 -0300] ::1 TLSv1.3 TLS_AES_256_GCM_SHA384 "POST /cdn-cgi/rum? HTTP/1.1" 296
[20/Jul/2025:19:48:29 -0300] ::1 TLSv1.3 TLS_AES_256_GCM_SHA384 "GET /teste HTTP/1.1" 51478
[20/Jul/2025:19:48:29 -0300] ::1 TLSv1.3 TLS_AES_256_GCM_SHA384 "GET /avatar/Alecs/action=wav&size=l&head_direction=3&direction=3&gesture=sml&dance=0&img_format=png&effect=3&frame_num=0 HTTP/1.1" 296
[20/Jul/2025:19:48:31 -0300] ::1 TLSv1.3 TLS_AES_256_GCM_SHA384 "POST /cdn-cgi/rum? HTTP/1.1" 296
[20/Jul/2025:19:48:32 -0300] ::1 TLSv1.3 TLS_AES_256_GCM_SHA384 "POST /cdn-cgi/rum? HTTP/1.1" 296
[20/Jul/2025:20:13:44 -0300] 192.168.0.185 TLSv1.3 TLS_AES_256_GCM_SHA384 "GET / HTTP/1.1" 36
[20/Jul/2025:20:13:44 -0300] 192.168.0.185 TLSv1.3 TLS_AES_256_GCM_SHA384 "GET /index HTTP/1.1" 38930
[20/Jul/2025:20:14:01 -0300] 192.168.0.185 - - "GET / HTTP/1.0" 468
[20/Jul/2025:20:14:03 -0300] 192.168.0.185 TLSv1.3 TLS_AES_256_GCM_SHA384 "GET /loginMsg.js HTTP/1.1" 300
[20/Jul/2025:20:14:03 -0300] 192.168.0.185 TLSv1.3 TLS_AES_256_GCM_SHA384 "GET /cgi/get.cgi?cmd=home_login HTTP/1.1" 300
[21/Jul/2025:00:46:43 -0300] ::1 TLSv1.3 TLS_AES_256_GCM_SHA384 "GET /swf/c_images/Habbo-Stories/hearts_hardlight_02.png HTTP/1.1" 296
[21/Jul/2025:00:46:43 -0300] ::1 TLSv1.3 TLS_AES_256_GCM_SHA384 "GET /swf/c_images/Habbo-Stories/coffee_mpl.png HTTP/1.1" 296
[21/Jul/2025:00:46:43 -0300] ::1 TLSv1.3 TLS_AES_256_GCM_SHA384 "GET /swf/c_images/Habbo-Stories/stars_hardlight_02.png HTTP/1.1" 296
[21/Jul/2025:00:46:43 -0300] ::1 TLSv1.3 TLS_AES_256_GCM_SHA384 "GET /swf/c_images/Habbo-Stories/pinky_nrm.png HTTP/1.1" 296
[21/Jul/2025:00:46:43 -0300] ::1 TLSv1.3 TLS_AES_256_GCM_SHA384 "GET /swf/c_images/Habbo-Stories/bluemood_mpl.png HTTP/1.1" 296
[21/Jul/2025:00:46:43 -0300] ::1 TLSv1.3 TLS_AES_256_GCM_SHA384 "GET /swf/c_images/Habbo-Stories/security_hardlight.png HTTP/1.1" 296
[21/Jul/2025:00:46:43 -0300] ::1 TLSv1.3 TLS_AES_256_GCM_SHA384 "GET /swf/c_images/Habbo-Stories/alien_hrd.png HTTP/1.1" 296
[21/Jul/2025:00:46:43 -0300] ::1 TLSv1.3 TLS_AES_256_GCM_SHA384 "GET /swf/c_images/Habbo-Stories/rusty_mpl.png HTTP/1.1" 296
[21/Jul/2025:00:46:43 -0300] ::1 TLSv1.3 TLS_AES_256_GCM_SHA384 "GET /swf/c_images/Habbo-Stories/toxic_hrd.png HTTP/1.1" 296
[21/Jul/2025:00:46:43 -0300] ::1 TLSv1.3 TLS_AES_256_GCM_SHA384 "GET /swf/c_images/Habbo-Stories/shadow_multiply_02.png HTTP/1.1" 296
[21/Jul/2025:00:46:43 -0300] ::1 TLSv1.3 TLS_AES_256_GCM_SHA384 "GET /swf/c_images/Habbo-Stories/misty_hrd.png HTTP/1.1" 296
[21/Jul/2025:00:46:43 -0300] ::1 TLSv1.3 TLS_AES_256_GCM_SHA384 "GET /swf/c_images/Habbo-Stories/drops_mpl.png HTTP/1.1" 296
[21/Jul/2025:00:46:43 -0300] ::1 TLSv1.3 TLS_AES_256_GCM_SHA384 "GET /swf/c_images/Habbo-Stories/texture_overlay.png HTTP/1.1" 296
[21/Jul/2025:00:46:43 -0300] ::1 TLSv1.3 TLS_AES_256_GCM_SHA384 "GET /swf/c_images/Habbo-Stories/shiny_hrd.png HTTP/1.1" 296
[21/Jul/2025:00:46:43 -0300] ::1 TLSv1.3 TLS_AES_256_GCM_SHA384 "GET /swf/c_images/Habbo-Stories/glitter_hrd.png HTTP/1.1" 296
[21/Jul/2025:00:46:43 -0300] ::1 TLSv1.3 TLS_AES_256_GCM_SHA384 "GET /swf/c_images/Habbo-Stories/frame_gold.png HTTP/1.1" 296
[21/Jul/2025:00:46:43 -0300] ::1 TLSv1.3 TLS_AES_256_GCM_SHA384 "GET /swf/c_images/Habbo-Stories/frame_gray_4.png HTTP/1.1" 296
[21/Jul/2025:00:46:43 -0300] ::1 TLSv1.3 TLS_AES_256_GCM_SHA384 "GET /swf/c_images/Habbo-Stories/frame_black_2.png HTTP/1.1" 296
[21/Jul/2025:00:46:43 -0300] ::1 TLSv1.3 TLS_AES_256_GCM_SHA384 "GET /swf/c_images/Habbo-Stories/frame_wood_2.png HTTP/1.1" 296
[21/Jul/2025:00:46:43 -0300] ::1 TLSv1.3 TLS_AES_256_GCM_SHA384 "GET /swf/c_images/Habbo-Stories/finger_nrm.png HTTP/1.1" 296
[21/Jul/2025:00:46:43 -0300] ::1 TLSv1.3 TLS_AES_256_GCM_SHA384 "GET /swf/c_images/reception/discord.png HTTP/1.1" 296
[21/Jul/2025:00:47:21 -0300] ::1 TLSv1.3 TLS_AES_256_GCM_SHA384 "GET /swf/c_images/Habbo-Stories/shadow_multiply_02.png HTTP/1.1" 296
[21/Jul/2025:00:47:21 -0300] ::1 TLSv1.3 TLS_AES_256_GCM_SHA384 "GET /swf/c_images/Habbo-Stories/texture_overlay.png HTTP/1.1" 296
[21/Jul/2025:00:47:21 -0300] ::1 TLSv1.3 TLS_AES_256_GCM_SHA384 "GET /swf/c_images/Habbo-Stories/stars_hardlight_02.png HTTP/1.1" 296
[21/Jul/2025:00:47:21 -0300] ::1 TLSv1.3 TLS_AES_256_GCM_SHA384 "GET /swf/c_images/Habbo-Stories/hearts_hardlight_02.png HTTP/1.1" 296
[21/Jul/2025:00:47:21 -0300] ::1 TLSv1.3 TLS_AES_256_GCM_SHA384 "GET /swf/c_images/Habbo-Stories/pinky_nrm.png HTTP/1.1" 296
[21/Jul/2025:00:47:21 -0300] ::1 TLSv1.3 TLS_AES_256_GCM_SHA384 "GET /swf/c_images/Habbo-Stories/coffee_mpl.png HTTP/1.1" 296
[21/Jul/2025:00:47:21 -0300] ::1 TLSv1.3 TLS_AES_256_GCM_SHA384 "GET /swf/c_images/Habbo-Stories/security_hardlight.png HTTP/1.1" 296
[21/Jul/2025:00:47:21 -0300] ::1 TLSv1.3 TLS_AES_256_GCM_SHA384 "GET /swf/c_images/Habbo-Stories/bluemood_mpl.png HTTP/1.1" 296
[21/Jul/2025:00:47:21 -0300] ::1 TLSv1.3 TLS_AES_256_GCM_SHA384 "GET /swf/c_images/Habbo-Stories/rusty_mpl.png HTTP/1.1" 296
[21/Jul/2025:00:47:21 -0300] ::1 TLSv1.3 TLS_AES_256_GCM_SHA384 "GET /swf/c_images/Habbo-Stories/alien_hrd.png HTTP/1.1" 296
[21/Jul/2025:00:47:21 -0300] ::1 TLSv1.3 TLS_AES_256_GCM_SHA384 "GET /swf/c_images/Habbo-Stories/misty_hrd.png HTTP/1.1" 296
[21/Jul/2025:00:47:21 -0300] ::1 TLSv1.3 TLS_AES_256_GCM_SHA384 "GET /swf/c_images/Habbo-Stories/toxic_hrd.png HTTP/1.1" 296
[21/Jul/2025:00:47:21 -0300] ::1 TLSv1.3 TLS_AES_256_GCM_SHA384 "GET /swf/c_images/Habbo-Stories/drops_mpl.png HTTP/1.1" 296
[21/Jul/2025:00:47:21 -0300] ::1 TLSv1.3 TLS_AES_256_GCM_SHA384 "GET /swf/c_images/Habbo-Stories/shiny_hrd.png HTTP/1.1" 296
[21/Jul/2025:00:47:21 -0300] ::1 TLSv1.3 TLS_AES_256_GCM_SHA384 "GET /swf/c_images/Habbo-Stories/glitter_hrd.png HTTP/1.1" 296
[21/Jul/2025:00:47:21 -0300] ::1 TLSv1.3 TLS_AES_256_GCM_SHA384 "GET /swf/c_images/Habbo-Stories/frame_gold.png HTTP/1.1" 296
[21/Jul/2025:00:47:21 -0300] ::1 TLSv1.3 TLS_AES_256_GCM_SHA384 "GET /swf/c_images/Habbo-Stories/frame_gray_4.png HTTP/1.1" 296
[21/Jul/2025:00:47:21 -0300] ::1 TLSv1.3 TLS_AES_256_GCM_SHA384 "GET /swf/c_images/Habbo-Stories/frame_black_2.png HTTP/1.1" 296
[21/Jul/2025:00:47:21 -0300] ::1 TLSv1.3 TLS_AES_256_GCM_SHA384 "GET /swf/c_images/Habbo-Stories/frame_wood_2.png HTTP/1.1" 296
[21/Jul/2025:00:47:21 -0300] ::1 TLSv1.3 TLS_AES_256_GCM_SHA384 "GET /swf/c_images/Habbo-Stories/finger_nrm.png HTTP/1.1" 296
[21/Jul/2025:00:47:21 -0300] ::1 TLSv1.3 TLS_AES_256_GCM_SHA384 "GET /swf/c_images/reception/discord.png HTTP/1.1" 296
[21/Jul/2025:00:48:05 -0300] ::1 TLSv1.3 TLS_AES_256_GCM_SHA384 "GET /swf/c_images/Habbo-Stories/shadow_multiply_02.png HTTP/1.1" 296
[21/Jul/2025:00:48:05 -0300] ::1 TLSv1.3 TLS_AES_256_GCM_SHA384 "GET /swf/c_images/Habbo-Stories/hearts_hardlight_02.png HTTP/1.1" 296
[21/Jul/2025:00:48:05 -0300] ::1 TLSv1.3 TLS_AES_256_GCM_SHA384 "GET /swf/c_images/Habbo-Stories/texture_overlay.png HTTP/1.1" 296
[21/Jul/2025:00:48:05 -0300] ::1 TLSv1.3 TLS_AES_256_GCM_SHA384 "GET /swf/c_images/Habbo-Stories/pinky_nrm.png HTTP/1.1" 296
[21/Jul/2025:00:48:05 -0300] ::1 TLSv1.3 TLS_AES_256_GCM_SHA384 "GET /swf/c_images/Habbo-Stories/stars_hardlight_02.png HTTP/1.1" 296
[21/Jul/2025:00:48:05 -0300] ::1 TLSv1.3 TLS_AES_256_GCM_SHA384 "GET /swf/c_images/Habbo-Stories/security_hardlight.png HTTP/1.1" 296
[21/Jul/2025:00:48:05 -0300] ::1 TLSv1.3 TLS_AES_256_GCM_SHA384 "GET /swf/c_images/Habbo-Stories/coffee_mpl.png HTTP/1.1" 296
[21/Jul/2025:00:48:05 -0300] ::1 TLSv1.3 TLS_AES_256_GCM_SHA384 "GET /swf/c_images/Habbo-Stories/bluemood_mpl.png HTTP/1.1" 296
[21/Jul/2025:00:48:05 -0300] ::1 TLSv1.3 TLS_AES_256_GCM_SHA384 "GET /swf/c_images/Habbo-Stories/rusty_mpl.png HTTP/1.1" 296
[21/Jul/2025:00:48:05 -0300] ::1 TLSv1.3 TLS_AES_256_GCM_SHA384 "GET /swf/c_images/Habbo-Stories/alien_hrd.png HTTP/1.1" 296
[21/Jul/2025:00:48:05 -0300] ::1 TLSv1.3 TLS_AES_256_GCM_SHA384 "GET /swf/c_images/Habbo-Stories/toxic_hrd.png HTTP/1.1" 296
[21/Jul/2025:00:48:05 -0300] ::1 TLSv1.3 TLS_AES_256_GCM_SHA384 "GET /swf/c_images/Habbo-Stories/misty_hrd.png HTTP/1.1" 296
[21/Jul/2025:00:48:05 -0300] ::1 TLSv1.3 TLS_AES_256_GCM_SHA384 "GET /swf/c_images/Habbo-Stories/drops_mpl.png HTTP/1.1" 296
[21/Jul/2025:00:48:05 -0300] ::1 TLSv1.3 TLS_AES_256_GCM_SHA384 "GET /swf/c_images/Habbo-Stories/shiny_hrd.png HTTP/1.1" 296
[21/Jul/2025:00:48:05 -0300] ::1 TLSv1.3 TLS_AES_256_GCM_SHA384 "GET /swf/c_images/Habbo-Stories/glitter_hrd.png HTTP/1.1" 296
[21/Jul/2025:00:48:05 -0300] ::1 TLSv1.3 TLS_AES_256_GCM_SHA384 "GET /swf/c_images/Habbo-Stories/frame_gold.png HTTP/1.1" 296
[21/Jul/2025:00:48:05 -0300] ::1 TLSv1.3 TLS_AES_256_GCM_SHA384 "GET /swf/c_images/Habbo-Stories/frame_gray_4.png HTTP/1.1" 296
[21/Jul/2025:00:48:05 -0300] ::1 TLSv1.3 TLS_AES_256_GCM_SHA384 "GET /swf/c_images/Habbo-Stories/frame_black_2.png HTTP/1.1" 296
[21/Jul/2025:00:48:05 -0300] ::1 TLSv1.3 TLS_AES_256_GCM_SHA384 "GET /swf/c_images/Habbo-Stories/frame_wood_2.png HTTP/1.1" 296
[21/Jul/2025:00:48:05 -0300] ::1 TLSv1.3 TLS_AES_256_GCM_SHA384 "GET /swf/c_images/Habbo-Stories/finger_nrm.png HTTP/1.1" 296
[21/Jul/2025:00:50:22 -0300] ::1 TLSv1.3 TLS_AES_256_GCM_SHA384 "GET /swf/c_images/Habbo-Stories/shadow_multiply_02.png HTTP/1.1" 296
[21/Jul/2025:00:50:22 -0300] ::1 TLSv1.3 TLS_AES_256_GCM_SHA384 "GET /swf/c_images/Habbo-Stories/hearts_hardlight_02.png HTTP/1.1" 296
[21/Jul/2025:00:50:22 -0300] ::1 TLSv1.3 TLS_AES_256_GCM_SHA384 "GET /swf/c_images/Habbo-Stories/coffee_mpl.png HTTP/1.1" 296
[21/Jul/2025:00:50:22 -0300] ::1 TLSv1.3 TLS_AES_256_GCM_SHA384 "GET /swf/c_images/Habbo-Stories/pinky_nrm.png HTTP/1.1" 296
[21/Jul/2025:00:50:22 -0300] ::1 TLSv1.3 TLS_AES_256_GCM_SHA384 "GET /swf/c_images/Habbo-Stories/texture_overlay.png HTTP/1.1" 296
[21/Jul/2025:00:50:22 -0300] ::1 TLSv1.3 TLS_AES_256_GCM_SHA384 "GET /swf/c_images/Habbo-Stories/stars_hardlight_02.png HTTP/1.1" 296
[21/Jul/2025:00:50:22 -0300] ::1 TLSv1.3 TLS_AES_256_GCM_SHA384 "GET /swf/c_images/Habbo-Stories/security_hardlight.png HTTP/1.1" 296
[21/Jul/2025:00:50:22 -0300] ::1 TLSv1.3 TLS_AES_256_GCM_SHA384 "GET /swf/c_images/Habbo-Stories/rusty_mpl.png HTTP/1.1" 296
[21/Jul/2025:00:50:22 -0300] ::1 TLSv1.3 TLS_AES_256_GCM_SHA384 "GET /swf/c_images/Habbo-Stories/bluemood_mpl.png HTTP/1.1" 296
[21/Jul/2025:00:50:22 -0300] ::1 TLSv1.3 TLS_AES_256_GCM_SHA384 "GET /swf/c_images/Habbo-Stories/alien_hrd.png HTTP/1.1" 296
[21/Jul/2025:00:50:22 -0300] ::1 TLSv1.3 TLS_AES_256_GCM_SHA384 "GET /swf/c_images/Habbo-Stories/misty_hrd.png HTTP/1.1" 296
[21/Jul/2025:00:50:22 -0300] ::1 TLSv1.3 TLS_AES_256_GCM_SHA384 "GET /swf/c_images/Habbo-Stories/toxic_hrd.png HTTP/1.1" 296
[21/Jul/2025:00:50:22 -0300] ::1 TLSv1.3 TLS_AES_256_GCM_SHA384 "GET /swf/c_images/Habbo-Stories/drops_mpl.png HTTP/1.1" 296
[21/Jul/2025:00:50:22 -0300] ::1 TLSv1.3 TLS_AES_256_GCM_SHA384 "GET /swf/c_images/Habbo-Stories/shiny_hrd.png HTTP/1.1" 296
[21/Jul/2025:00:50:22 -0300] ::1 TLSv1.3 TLS_AES_256_GCM_SHA384 "GET /swf/c_images/Habbo-Stories/frame_gold.png HTTP/1.1" 296
[21/Jul/2025:00:50:22 -0300] ::1 TLSv1.3 TLS_AES_256_GCM_SHA384 "GET /swf/c_images/Habbo-Stories/glitter_hrd.png HTTP/1.1" 296
[21/Jul/2025:00:50:22 -0300] ::1 TLSv1.3 TLS_AES_256_GCM_SHA384 "GET /swf/c_images/Habbo-Stories/frame_black_2.png HTTP/1.1" 296
[21/Jul/2025:00:50:22 -0300] ::1 TLSv1.3 TLS_AES_256_GCM_SHA384 "GET /swf/c_images/Habbo-Stories/frame_gray_4.png HTTP/1.1" 296
[21/Jul/2025:00:50:22 -0300] ::1 TLSv1.3 TLS_AES_256_GCM_SHA384 "GET /swf/c_images/Habbo-Stories/frame_wood_2.png HTTP/1.1" 296
[21/Jul/2025:00:50:22 -0300] ::1 TLSv1.3 TLS_AES_256_GCM_SHA384 "GET /swf/c_images/Habbo-Stories/finger_nrm.png HTTP/1.1" 296
[21/Jul/2025:00:50:22 -0300] ::1 TLSv1.3 TLS_AES_256_GCM_SHA384 "GET /swf/c_images/reception/discord.png HTTP/1.1" 296
[21/Jul/2025:19:22:46 -0300] ::1 TLSv1.3 TLS_AES_256_GCM_SHA384 "GET /swf/c_images/Habbo-Stories/texture_overlay.png HTTP/1.1" 296
[21/Jul/2025:19:22:46 -0300] ::1 TLSv1.3 TLS_AES_256_GCM_SHA384 "GET /swf/c_images/Habbo-Stories/hearts_hardlight_02.png HTTP/1.1" 296
[21/Jul/2025:19:22:46 -0300] ::1 TLSv1.3 TLS_AES_256_GCM_SHA384 "GET /swf/c_images/Habbo-Stories/pinky_nrm.png HTTP/1.1" 296
[21/Jul/2025:19:22:46 -0300] ::1 TLSv1.3 TLS_AES_256_GCM_SHA384 "GET /swf/c_images/Habbo-Stories/coffee_mpl.png HTTP/1.1" 296
[21/Jul/2025:19:22:46 -0300] ::1 TLSv1.3 TLS_AES_256_GCM_SHA384 "GET /swf/c_images/Habbo-Stories/stars_hardlight_02.png HTTP/1.1" 296
[21/Jul/2025:19:22:46 -0300] ::1 TLSv1.3 TLS_AES_256_GCM_SHA384 "GET /swf/c_images/Habbo-Stories/bluemood_mpl.png HTTP/1.1" 296
[21/Jul/2025:19:22:46 -0300] ::1 TLSv1.3 TLS_AES_256_GCM_SHA384 "GET /swf/c_images/Habbo-Stories/security_hardlight.png HTTP/1.1" 296
[21/Jul/2025:19:22:46 -0300] ::1 TLSv1.3 TLS_AES_256_GCM_SHA384 "GET /swf/c_images/Habbo-Stories/rusty_mpl.png HTTP/1.1" 296
[21/Jul/2025:19:22:46 -0300] ::1 TLSv1.3 TLS_AES_256_GCM_SHA384 "GET /swf/c_images/Habbo-Stories/alien_hrd.png HTTP/1.1" 296
[21/Jul/2025:19:22:46 -0300] ::1 TLSv1.3 TLS_AES_256_GCM_SHA384 "GET /swf/c_images/Habbo-Stories/toxic_hrd.png HTTP/1.1" 296
[21/Jul/2025:19:22:46 -0300] ::1 TLSv1.3 TLS_AES_256_GCM_SHA384 "GET /swf/c_images/Habbo-Stories/misty_hrd.png HTTP/1.1" 296
[21/Jul/2025:19:22:46 -0300] ::1 TLSv1.3 TLS_AES_256_GCM_SHA384 "GET /swf/c_images/Habbo-Stories/shadow_multiply_02.png HTTP/1.1" 296
[21/Jul/2025:19:22:46 -0300] ::1 TLSv1.3 TLS_AES_256_GCM_SHA384 "GET /swf/c_images/Habbo-Stories/drops_mpl.png HTTP/1.1" 296
[21/Jul/2025:19:22:46 -0300] ::1 TLSv1.3 TLS_AES_256_GCM_SHA384 "GET /swf/c_images/Habbo-Stories/shiny_hrd.png HTTP/1.1" 296
[21/Jul/2025:19:22:46 -0300] ::1 TLSv1.3 TLS_AES_256_GCM_SHA384 "GET /swf/c_images/Habbo-Stories/glitter_hrd.png HTTP/1.1" 296
[21/Jul/2025:19:22:46 -0300] ::1 TLSv1.3 TLS_AES_256_GCM_SHA384 "GET /swf/c_images/Habbo-Stories/frame_gold.png HTTP/1.1" 296
[21/Jul/2025:19:22:46 -0300] ::1 TLSv1.3 TLS_AES_256_GCM_SHA384 "GET /swf/c_images/Habbo-Stories/frame_gray_4.png HTTP/1.1" 296
[21/Jul/2025:19:22:46 -0300] ::1 TLSv1.3 TLS_AES_256_GCM_SHA384 "GET /swf/c_images/Habbo-Stories/frame_black_2.png HTTP/1.1" 296
[21/Jul/2025:19:22:46 -0300] ::1 TLSv1.3 TLS_AES_256_GCM_SHA384 "GET /swf/c_images/Habbo-Stories/frame_wood_2.png HTTP/1.1" 296
[21/Jul/2025:19:22:46 -0300] ::1 TLSv1.3 TLS_AES_256_GCM_SHA384 "GET /swf/c_images/Habbo-Stories/finger_nrm.png HTTP/1.1" 296
[21/Jul/2025:19:22:46 -0300] ::1 TLSv1.3 TLS_AES_256_GCM_SHA384 "GET /swf/c_images/reception/discord.png HTTP/1.1" 296
[21/Jul/2025:19:23:44 -0300] ::1 TLSv1.3 TLS_AES_256_GCM_SHA384 "GET /swf/c_images/catalogue/feature_cata/feature_cata_vert_habbo20_roselinedball.png HTTP/1.1" 296
[21/Jul/2025:19:23:44 -0300] ::1 TLSv1.3 TLS_AES_256_GCM_SHA384 "GET /swf/c_images/catalogue/feature_cata/feature_cata_hort_habbo20_bun2.png HTTP/1.1" 296
[21/Jul/2025:19:23:44 -0300] ::1 TLSv1.3 TLS_AES_256_GCM_SHA384 "GET /swf/c_images/catalogue/feature_cata/feature_cata_hort_pets.png HTTP/1.1" 296
[21/Jul/2025:19:23:44 -0300] ::1 TLSv1.3 TLS_AES_256_GCM_SHA384 "GET /swf/c_images/catalogue/feature_cata/feature_cata_hort_clothes.png HTTP/1.1" 296
[21/Jul/2025:19:23:44 -0300] ::1 TLSv1.3 TLS_AES_256_GCM_SHA384 "GET /swf/c_images/catalogue/icon_172.png HTTP/1.1" 296
[21/Jul/2025:19:23:45 -0300] ::1 TLSv1.3 TLS_AES_256_GCM_SHA384 "GET /swf/c_images/catalogue/icon_202.png HTTP/1.1" 296
[21/Jul/2025:19:23:45 -0300] ::1 TLSv1.3 TLS_AES_256_GCM_SHA384 "GET /swf/c_images/catalogue/icon_80.png HTTP/1.1" 296
[21/Jul/2025:19:23:45 -0300] ::1 TLSv1.3 TLS_AES_256_GCM_SHA384 "GET /swf/c_images/catalogue/icon_65.png HTTP/1.1" 296
[21/Jul/2025:19:23:45 -0300] ::1 TLSv1.3 TLS_AES_256_GCM_SHA384 "GET /swf/c_images/catalogue/icon_197.png HTTP/1.1" 296
[21/Jul/2025:19:23:45 -0300] ::1 TLSv1.3 TLS_AES_256_GCM_SHA384 "GET /swf/c_images/catalogue/icon_203.png HTTP/1.1" 296
[21/Jul/2025:19:23:45 -0300] ::1 TLSv1.3 TLS_AES_256_GCM_SHA384 "GET /swf/c_images/catalogue/icon_55.png HTTP/1.1" 296
[21/Jul/2025:19:23:45 -0300] ::1 TLSv1.3 TLS_AES_256_GCM_SHA384 "GET /swf/c_images/catalogue/icon_220.png HTTP/1.1" 296
[21/Jul/2025:19:23:45 -0300] ::1 TLSv1.3 TLS_AES_256_GCM_SHA384 "GET /swf/c_images/catalogue/icon_63.png HTTP/1.1" 296
[21/Jul/2025:19:23:45 -0300] ::1 TLSv1.3 TLS_AES_256_GCM_SHA384 "GET /swf/c_images/catalogue/icon_69.png HTTP/1.1" 296
[21/Jul/2025:19:23:45 -0300] ::1 TLSv1.3 TLS_AES_256_GCM_SHA384 "GET /swf/c_images/catalogue/catalog_bank_teaser.gif HTTP/1.1" 296
[21/Jul/2025:19:23:45 -0300] ::1 TLSv1.3 TLS_AES_256_GCM_SHA384 "GET /swf/c_images/catalogue/icon_42.png HTTP/1.1" 296
[21/Jul/2025:19:23:45 -0300] ::1 TLSv1.3 TLS_AES_256_GCM_SHA384 "GET /swf/c_images/catalogue/icon_146.png HTTP/1.1" 296
[21/Jul/2025:19:23:45 -0300] ::1 TLSv1.3 TLS_AES_256_GCM_SHA384 "GET /swf/c_images/catalogue/icon_145.png HTTP/1.1" 296
[21/Jul/2025:19:23:45 -0300] ::1 TLSv1.3 TLS_AES_256_GCM_SHA384 "GET /swf/c_images/catalogue/icon_206.png HTTP/1.1" 296
[21/Jul/2025:19:23:45 -0300] ::1 TLSv1.3 TLS_AES_256_GCM_SHA384 "GET /swf/c_images/catalogue/icon_4.png HTTP/1.1" 296
[21/Jul/2025:19:23:45 -0300] ::1 TLSv1.3 TLS_AES_256_GCM_SHA384 "GET /swf/c_images/catalogue/icon_112.png HTTP/1.1" 296
[21/Jul/2025:20:22:31 -0300] 192.168.0.185 TLSv1.3 TLS_AES_256_GCM_SHA384 "GET / HTTP/1.1" 36
[21/Jul/2025:20:22:31 -0300] 192.168.0.185 TLSv1.3 TLS_AES_256_GCM_SHA384 "GET /index HTTP/1.1" 42931
[21/Jul/2025:20:22:49 -0300] 192.168.0.185 - - "GET / HTTP/1.0" 468
[21/Jul/2025:20:22:51 -0300] 192.168.0.185 TLSv1.3 TLS_AES_256_GCM_SHA384 "GET /loginMsg.js HTTP/1.1" 300
[21/Jul/2025:20:22:51 -0300] 192.168.0.185 TLSv1.3 TLS_AES_256_GCM_SHA384 "GET /cgi/get.cgi?cmd=home_login HTTP/1.1" 300
[22/Jul/2025:11:40:45 -0300] ::1 TLSv1.3 TLS_AES_256_GCM_SHA384 "GET /swf/c_images/Habbo-Stories/shadow_multiply_02.png HTTP/1.1" 296
[22/Jul/2025:11:40:45 -0300] ::1 TLSv1.3 TLS_AES_256_GCM_SHA384 "GET /swf/c_images/Habbo-Stories/pinky_nrm.png HTTP/1.1" 296
[22/Jul/2025:11:40:45 -0300] ::1 TLSv1.3 TLS_AES_256_GCM_SHA384 "GET /swf/c_images/Habbo-Stories/hearts_hardlight_02.png HTTP/1.1" 296
[22/Jul/2025:11:40:45 -0300] ::1 TLSv1.3 TLS_AES_256_GCM_SHA384 "GET /swf/c_images/Habbo-Stories/texture_overlay.png HTTP/1.1" 296
[22/Jul/2025:11:40:45 -0300] ::1 TLSv1.3 TLS_AES_256_GCM_SHA384 "GET /swf/c_images/Habbo-Stories/stars_hardlight_02.png HTTP/1.1" 296
[22/Jul/2025:11:40:45 -0300] ::1 TLSv1.3 TLS_AES_256_GCM_SHA384 "GET /swf/c_images/Habbo-Stories/coffee_mpl.png HTTP/1.1" 296
[22/Jul/2025:11:40:45 -0300] ::1 TLSv1.3 TLS_AES_256_GCM_SHA384 "GET /swf/c_images/Habbo-Stories/security_hardlight.png HTTP/1.1" 296
[22/Jul/2025:11:40:45 -0300] ::1 TLSv1.3 TLS_AES_256_GCM_SHA384 "GET /swf/c_images/Habbo-Stories/bluemood_mpl.png HTTP/1.1" 296
[22/Jul/2025:11:40:45 -0300] ::1 TLSv1.3 TLS_AES_256_GCM_SHA384 "GET /swf/c_images/Habbo-Stories/rusty_mpl.png HTTP/1.1" 296
[22/Jul/2025:11:40:45 -0300] ::1 TLSv1.3 TLS_AES_256_GCM_SHA384 "GET /swf/c_images/Habbo-Stories/alien_hrd.png HTTP/1.1" 296
[22/Jul/2025:11:40:45 -0300] ::1 TLSv1.3 TLS_AES_256_GCM_SHA384 "GET /swf/c_images/Habbo-Stories/toxic_hrd.png HTTP/1.1" 296
[22/Jul/2025:11:40:45 -0300] ::1 TLSv1.3 TLS_AES_256_GCM_SHA384 "GET /swf/c_images/Habbo-Stories/misty_hrd.png HTTP/1.1" 296
[22/Jul/2025:11:40:45 -0300] ::1 TLSv1.3 TLS_AES_256_GCM_SHA384 "GET /swf/c_images/Habbo-Stories/drops_mpl.png HTTP/1.1" 296
[22/Jul/2025:11:40:45 -0300] ::1 TLSv1.3 TLS_AES_256_GCM_SHA384 "GET /swf/c_images/Habbo-Stories/glitter_hrd.png HTTP/1.1" 296
[22/Jul/2025:11:40:45 -0300] ::1 TLSv1.3 TLS_AES_256_GCM_SHA384 "GET /swf/c_images/Habbo-Stories/shiny_hrd.png HTTP/1.1" 296
[22/Jul/2025:11:40:45 -0300] ::1 TLSv1.3 TLS_AES_256_GCM_SHA384 "GET /swf/c_images/Habbo-Stories/frame_gold.png HTTP/1.1" 296
[22/Jul/2025:11:40:45 -0300] ::1 TLSv1.3 TLS_AES_256_GCM_SHA384 "GET /swf/c_images/Habbo-Stories/frame_gray_4.png HTTP/1.1" 296
[22/Jul/2025:11:40:45 -0300] ::1 TLSv1.3 TLS_AES_256_GCM_SHA384 "GET /swf/c_images/Habbo-Stories/frame_black_2.png HTTP/1.1" 296
[22/Jul/2025:11:40:45 -0300] ::1 TLSv1.3 TLS_AES_256_GCM_SHA384 "GET /swf/c_images/Habbo-Stories/frame_wood_2.png HTTP/1.1" 296
[22/Jul/2025:11:40:45 -0300] ::1 TLSv1.3 TLS_AES_256_GCM_SHA384 "GET /swf/c_images/Habbo-Stories/finger_nrm.png HTTP/1.1" 296
[22/Jul/2025:11:40:45 -0300] ::1 TLSv1.3 TLS_AES_256_GCM_SHA384 "GET /swf/c_images/reception/discord.png HTTP/1.1" 296
[22/Jul/2025:11:41:02 -0300] ::1 TLSv1.3 TLS_AES_256_GCM_SHA384 "GET /swf/c_images/Habbo-Stories/shadow_multiply_02.png HTTP/1.1" 296
[22/Jul/2025:11:41:02 -0300] ::1 TLSv1.3 TLS_AES_256_GCM_SHA384 "GET /swf/c_images/Habbo-Stories/hearts_hardlight_02.png HTTP/1.1" 296
[22/Jul/2025:11:41:02 -0300] ::1 TLSv1.3 TLS_AES_256_GCM_SHA384 "GET /swf/c_images/Habbo-Stories/pinky_nrm.png HTTP/1.1" 296
[22/Jul/2025:11:41:02 -0300] ::1 TLSv1.3 TLS_AES_256_GCM_SHA384 "GET /swf/c_images/Habbo-Stories/texture_overlay.png HTTP/1.1" 296
[22/Jul/2025:11:41:02 -0300] ::1 TLSv1.3 TLS_AES_256_GCM_SHA384 "GET /swf/c_images/Habbo-Stories/stars_hardlight_02.png HTTP/1.1" 296
[22/Jul/2025:11:41:02 -0300] ::1 TLSv1.3 TLS_AES_256_GCM_SHA384 "GET /swf/c_images/Habbo-Stories/coffee_mpl.png HTTP/1.1" 296
[22/Jul/2025:11:41:02 -0300] ::1 TLSv1.3 TLS_AES_256_GCM_SHA384 "GET /swf/c_images/Habbo-Stories/security_hardlight.png HTTP/1.1" 296
[22/Jul/2025:11:41:02 -0300] ::1 TLSv1.3 TLS_AES_256_GCM_SHA384 "GET /swf/c_images/Habbo-Stories/rusty_mpl.png HTTP/1.1" 296
[22/Jul/2025:11:41:02 -0300] ::1 TLSv1.3 TLS_AES_256_GCM_SHA384 "GET /swf/c_images/Habbo-Stories/bluemood_mpl.png HTTP/1.1" 296
[22/Jul/2025:11:41:02 -0300] ::1 TLSv1.3 TLS_AES_256_GCM_SHA384 "GET /swf/c_images/Habbo-Stories/alien_hrd.png HTTP/1.1" 296
[22/Jul/2025:11:41:02 -0300] ::1 TLSv1.3 TLS_AES_256_GCM_SHA384 "GET /swf/c_images/Habbo-Stories/misty_hrd.png HTTP/1.1" 296
[22/Jul/2025:11:41:02 -0300] ::1 TLSv1.3 TLS_AES_256_GCM_SHA384 "GET /swf/c_images/Habbo-Stories/toxic_hrd.png HTTP/1.1" 296
[22/Jul/2025:11:41:02 -0300] ::1 TLSv1.3 TLS_AES_256_GCM_SHA384 "GET /swf/c_images/Habbo-Stories/drops_mpl.png HTTP/1.1" 296
[22/Jul/2025:11:41:02 -0300] ::1 TLSv1.3 TLS_AES_256_GCM_SHA384 "GET /swf/c_images/Habbo-Stories/shiny_hrd.png HTTP/1.1" 296
[22/Jul/2025:11:41:02 -0300] ::1 TLSv1.3 TLS_AES_256_GCM_SHA384 "GET /swf/c_images/Habbo-Stories/glitter_hrd.png HTTP/1.1" 296
[22/Jul/2025:11:41:02 -0300] ::1 TLSv1.3 TLS_AES_256_GCM_SHA384 "GET /swf/c_images/Habbo-Stories/frame_gold.png HTTP/1.1" 296
[22/Jul/2025:11:41:02 -0300] ::1 TLSv1.3 TLS_AES_256_GCM_SHA384 "GET /swf/c_images/Habbo-Stories/frame_gray_4.png HTTP/1.1" 296
[22/Jul/2025:11:41:02 -0300] ::1 TLSv1.3 TLS_AES_256_GCM_SHA384 "GET /swf/c_images/Habbo-Stories/frame_black_2.png HTTP/1.1" 296
[22/Jul/2025:11:41:02 -0300] ::1 TLSv1.3 TLS_AES_256_GCM_SHA384 "GET /swf/c_images/Habbo-Stories/frame_wood_2.png HTTP/1.1" 296
[22/Jul/2025:11:41:02 -0300] ::1 TLSv1.3 TLS_AES_256_GCM_SHA384 "GET /swf/c_images/Habbo-Stories/finger_nrm.png HTTP/1.1" 296
[22/Jul/2025:11:41:02 -0300] ::1 TLSv1.3 TLS_AES_256_GCM_SHA384 "GET /swf/c_images/reception/discord.png HTTP/1.1" 296
[22/Jul/2025:11:54:47 -0300] ::1 TLSv1.3 TLS_AES_256_GCM_SHA384 "GET /swf/c_images/album1584/ACH_AllTimeHotelPresence3.gif HTTP/1.1" 296
[22/Jul/2025:11:58:30 -0300] ::1 TLSv1.3 TLS_AES_256_GCM_SHA384 "GET /swf/c_images/album1584/HTW02.gif HTTP/1.1" 296
[22/Jul/2025:11:58:30 -0300] ::1 TLSv1.3 TLS_AES_256_GCM_SHA384 "GET /swf/c_images/album1584/NV2.gif HTTP/1.1" 296
[22/Jul/2025:11:58:30 -0300] ::1 TLSv1.3 TLS_AES_256_GCM_SHA384 "GET /swf/c_images/album1584/NV4.gif HTTP/1.1" 296
[22/Jul/2025:11:58:30 -0300] ::1 TLSv1.3 TLS_AES_256_GCM_SHA384 "GET /swf/c_images/album1584/ACH_RegistrationDuration1.gif HTTP/1.1" 296
[22/Jul/2025:11:58:30 -0300] ::1 TLSv1.3 TLS_AES_256_GCM_SHA384 "GET /swf/c_images/album1584/ACH_AllTimeHotelPresence3.gif HTTP/1.1" 296
[22/Jul/2025:11:58:30 -0300] ::1 TLSv1.3 TLS_AES_256_GCM_SHA384 "GET /swf/c_images/album1584/NV5.gif HTTP/1.1" 296
[22/Jul/2025:11:58:30 -0300] ::1 TLSv1.3 TLS_AES_256_GCM_SHA384 "GET /swf/c_images/album1584/NV3.gif HTTP/1.1" 296
[22/Jul/2025:11:58:30 -0300] ::1 TLSv1.3 TLS_AES_256_GCM_SHA384 "GET /swf/c_images/album1584/HTW02.gif HTTP/1.1" 296
[22/Jul/2025:11:58:30 -0300] ::1 TLSv1.3 TLS_AES_256_GCM_SHA384 "GET /swf/c_images/album1584/NV2.gif HTTP/1.1" 296
[22/Jul/2025:11:58:30 -0300] ::1 TLSv1.3 TLS_AES_256_GCM_SHA384 "GET /swf/c_images/album1584/NV4.gif HTTP/1.1" 296
[22/Jul/2025:11:58:30 -0300] ::1 TLSv1.3 TLS_AES_256_GCM_SHA384 "GET /swf/c_images/album1584/ACH_AllTimeHotelPresence3.gif HTTP/1.1" 296
[22/Jul/2025:11:58:30 -0300] ::1 TLSv1.3 TLS_AES_256_GCM_SHA384 "GET /swf/c_images/album1584/ACH_RegistrationDuration1.gif HTTP/1.1" 296
[22/Jul/2025:11:58:30 -0300] ::1 TLSv1.3 TLS_AES_256_GCM_SHA384 "GET /swf/c_images/album1584/NV5.gif HTTP/1.1" 296
[22/Jul/2025:11:58:30 -0300] ::1 TLSv1.3 TLS_AES_256_GCM_SHA384 "GET /swf/c_images/album1584/NV3.gif HTTP/1.1" 296
[22/Jul/2025:11:58:30 -0300] ::1 TLSv1.3 TLS_AES_256_GCM_SHA384 "GET /swf/c_images/album1584/ACH_AllTimeHotelPresence3.gif HTTP/1.1" 296
[22/Jul/2025:11:58:31 -0300] ::1 TLSv1.3 TLS_AES_256_GCM_SHA384 "GET /swf/c_images/album1584/NV4.gif HTTP/1.1" 296
[22/Jul/2025:11:58:34 -0300] ::1 TLSv1.3 TLS_AES_256_GCM_SHA384 "GET /swf/c_images/album1584/ACH_RegistrationDuration1.gif HTTP/1.1" 296
[22/Jul/2025:11:58:34 -0300] ::1 TLSv1.3 TLS_AES_256_GCM_SHA384 "GET /swf/c_images/album1584/ACH_AllTimeHotelPresence3.gif HTTP/1.1" 296
[22/Jul/2025:11:58:34 -0300] ::1 TLSv1.3 TLS_AES_256_GCM_SHA384 "GET /swf/c_images/album1584/NV5.gif HTTP/1.1" 296
[22/Jul/2025:11:58:34 -0300] ::1 TLSv1.3 TLS_AES_256_GCM_SHA384 "GET /swf/c_images/album1584/NV3.gif HTTP/1.1" 296
[22/Jul/2025:11:58:34 -0300] ::1 TLSv1.3 TLS_AES_256_GCM_SHA384 "GET /swf/c_images/album1584/HTW02.gif HTTP/1.1" 296
[22/Jul/2025:11:58:34 -0300] ::1 TLSv1.3 TLS_AES_256_GCM_SHA384 "GET /swf/c_images/album1584/NV2.gif HTTP/1.1" 296
[22/Jul/2025:11:58:34 -0300] ::1 TLSv1.3 TLS_AES_256_GCM_SHA384 "GET /swf/c_images/album1584/NV4.gif HTTP/1.1" 296
[22/Jul/2025:11:58:43 -0300] ::1 TLSv1.3 TLS_AES_256_GCM_SHA384 "GET /swf/c_images/Habbo-Stories/shadow_multiply_02.png HTTP/1.1" 296
[22/Jul/2025:11:58:43 -0300] ::1 TLSv1.3 TLS_AES_256_GCM_SHA384 "GET /swf/c_images/Habbo-Stories/hearts_hardlight_02.png HTTP/1.1" 296
[22/Jul/2025:11:58:43 -0300] ::1 TLSv1.3 TLS_AES_256_GCM_SHA384 "GET /swf/c_images/Habbo-Stories/stars_hardlight_02.png HTTP/1.1" 296
[22/Jul/2025:11:58:43 -0300] ::1 TLSv1.3 TLS_AES_256_GCM_SHA384 "GET /swf/c_images/Habbo-Stories/pinky_nrm.png HTTP/1.1" 296
[22/Jul/2025:11:58:43 -0300] ::1 TLSv1.3 TLS_AES_256_GCM_SHA384 "GET /swf/c_images/Habbo-Stories/coffee_mpl.png HTTP/1.1" 296
[22/Jul/2025:11:58:43 -0300] ::1 TLSv1.3 TLS_AES_256_GCM_SHA384 "GET /swf/c_images/Habbo-Stories/texture_overlay.png HTTP/1.1" 296
[22/Jul/2025:11:58:43 -0300] ::1 TLSv1.3 TLS_AES_256_GCM_SHA384 "GET /swf/c_images/Habbo-Stories/security_hardlight.png HTTP/1.1" 296
[22/Jul/2025:11:58:43 -0300] ::1 TLSv1.3 TLS_AES_256_GCM_SHA384 "GET /swf/c_images/Habbo-Stories/bluemood_mpl.png HTTP/1.1" 296
[22/Jul/2025:11:58:43 -0300] ::1 TLSv1.3 TLS_AES_256_GCM_SHA384 "GET /swf/c_images/Habbo-Stories/rusty_mpl.png HTTP/1.1" 296
[22/Jul/2025:11:58:43 -0300] ::1 TLSv1.3 TLS_AES_256_GCM_SHA384 "GET /swf/c_images/Habbo-Stories/alien_hrd.png HTTP/1.1" 296
[22/Jul/2025:11:58:43 -0300] ::1 TLSv1.3 TLS_AES_256_GCM_SHA384 "GET /swf/c_images/Habbo-Stories/misty_hrd.png HTTP/1.1" 296
[22/Jul/2025:11:58:43 -0300] ::1 TLSv1.3 TLS_AES_256_GCM_SHA384 "GET /swf/c_images/Habbo-Stories/toxic_hrd.png HTTP/1.1" 296
[22/Jul/2025:11:58:43 -0300] ::1 TLSv1.3 TLS_AES_256_GCM_SHA384 "GET /swf/c_images/Habbo-Stories/drops_mpl.png HTTP/1.1" 296
[22/Jul/2025:11:58:43 -0300] ::1 TLSv1.3 TLS_AES_256_GCM_SHA384 "GET /swf/c_images/Habbo-Stories/shiny_hrd.png HTTP/1.1" 296
[22/Jul/2025:11:58:43 -0300] ::1 TLSv1.3 TLS_AES_256_GCM_SHA384 "GET /swf/c_images/Habbo-Stories/glitter_hrd.png HTTP/1.1" 296
[22/Jul/2025:11:58:43 -0300] ::1 TLSv1.3 TLS_AES_256_GCM_SHA384 "GET /swf/c_images/Habbo-Stories/frame_black_2.png HTTP/1.1" 296
[22/Jul/2025:11:58:43 -0300] ::1 TLSv1.3 TLS_AES_256_GCM_SHA384 "GET /swf/c_images/Habbo-Stories/frame_gray_4.png HTTP/1.1" 296
[22/Jul/2025:11:58:43 -0300] ::1 TLSv1.3 TLS_AES_256_GCM_SHA384 "GET /swf/c_images/Habbo-Stories/frame_gold.png HTTP/1.1" 296
[22/Jul/2025:11:58:43 -0300] ::1 TLSv1.3 TLS_AES_256_GCM_SHA384 "GET /swf/c_images/Habbo-Stories/frame_wood_2.png HTTP/1.1" 296
[22/Jul/2025:11:58:43 -0300] ::1 TLSv1.3 TLS_AES_256_GCM_SHA384 "GET /swf/c_images/Habbo-Stories/finger_nrm.png HTTP/1.1" 296
[22/Jul/2025:11:58:43 -0300] ::1 TLSv1.3 TLS_AES_256_GCM_SHA384 "GET /swf/c_images/reception/discord.png HTTP/1.1" 296
[22/Jul/2025:11:58:51 -0300] ::1 TLSv1.3 TLS_AES_256_GCM_SHA384 "GET /swf/c_images/album1584/ACH_RegistrationDuration1.gif HTTP/1.1" 296
[22/Jul/2025:11:58:51 -0300] ::1 TLSv1.3 TLS_AES_256_GCM_SHA384 "GET /swf/c_images/album1584/NV2.gif HTTP/1.1" 296
[22/Jul/2025:11:58:51 -0300] ::1 TLSv1.3 TLS_AES_256_GCM_SHA384 "GET /swf/c_images/album1584/HTW02.gif HTTP/1.1" 296
[22/Jul/2025:11:58:51 -0300] ::1 TLSv1.3 TLS_AES_256_GCM_SHA384 "GET /swf/c_images/album1584/ACH_AllTimeHotelPresence3.gif HTTP/1.1" 296
[22/Jul/2025:11:58:51 -0300] ::1 TLSv1.3 TLS_AES_256_GCM_SHA384 "GET /swf/c_images/album1584/NV5.gif HTTP/1.1" 296
[22/Jul/2025:11:58:51 -0300] ::1 TLSv1.3 TLS_AES_256_GCM_SHA384 "GET /swf/c_images/album1584/NV3.gif HTTP/1.1" 296
[22/Jul/2025:11:58:51 -0300] ::1 TLSv1.3 TLS_AES_256_GCM_SHA384 "GET /swf/c_images/album1584/NV4.gif HTTP/1.1" 296
[22/Jul/2025:11:58:51 -0300] ::1 TLSv1.3 TLS_AES_256_GCM_SHA384 "GET /swf/c_images/album1584/ACH_RegistrationDuration1.gif HTTP/1.1" 296
[22/Jul/2025:11:58:51 -0300] ::1 TLSv1.3 TLS_AES_256_GCM_SHA384 "GET /swf/c_images/album1584/NV2.gif HTTP/1.1" 296
[22/Jul/2025:11:58:51 -0300] ::1 TLSv1.3 TLS_AES_256_GCM_SHA384 "GET /swf/c_images/album1584/HTW02.gif HTTP/1.1" 296
[22/Jul/2025:11:58:51 -0300] ::1 TLSv1.3 TLS_AES_256_GCM_SHA384 "GET /swf/c_images/album1584/NV5.gif HTTP/1.1" 296
[22/Jul/2025:11:58:51 -0300] ::1 TLSv1.3 TLS_AES_256_GCM_SHA384 "GET /swf/c_images/album1584/NV3.gif HTTP/1.1" 296
[22/Jul/2025:11:58:51 -0300] ::1 TLSv1.3 TLS_AES_256_GCM_SHA384 "GET /swf/c_images/album1584/NV4.gif HTTP/1.1" 296
[22/Jul/2025:11:58:51 -0300] ::1 TLSv1.3 TLS_AES_256_GCM_SHA384 "GET /swf/c_images/album1584/ACH_AllTimeHotelPresence3.gif HTTP/1.1" 296
[22/Jul/2025:11:58:52 -0300] ::1 TLSv1.3 TLS_AES_256_GCM_SHA384 "GET /swf/c_images/album1584/ACH_RegistrationDuration1.gif HTTP/1.1" 296
[22/Jul/2025:11:58:52 -0300] ::1 TLSv1.3 TLS_AES_256_GCM_SHA384 "GET /swf/c_images/album1584/ACH_RegistrationDuration1.gif HTTP/1.1" 296
[22/Jul/2025:11:59:07 -0300] ::1 TLSv1.3 TLS_AES_256_GCM_SHA384 "GET /swf/c_images/album1584/ACH_RegistrationDuration1.gif HTTP/1.1" 296
[22/Jul/2025:11:59:07 -0300] ::1 TLSv1.3 TLS_AES_256_GCM_SHA384 "GET /swf/c_images/album1584/NV2.gif HTTP/1.1" 296
[22/Jul/2025:11:59:07 -0300] ::1 TLSv1.3 TLS_AES_256_GCM_SHA384 "GET /swf/c_images/album1584/HTW02.gif HTTP/1.1" 296
[22/Jul/2025:11:59:07 -0300] ::1 TLSv1.3 TLS_AES_256_GCM_SHA384 "GET /swf/c_images/album1584/ACH_AllTimeHotelPresence3.gif HTTP/1.1" 296
[22/Jul/2025:11:59:07 -0300] ::1 TLSv1.3 TLS_AES_256_GCM_SHA384 "GET /swf/c_images/album1584/NV5.gif HTTP/1.1" 296
[22/Jul/2025:11:59:07 -0300] ::1 TLSv1.3 TLS_AES_256_GCM_SHA384 "GET /swf/c_images/album1584/NV3.gif HTTP/1.1" 296
[22/Jul/2025:11:59:07 -0300] ::1 TLSv1.3 TLS_AES_256_GCM_SHA384 "GET /swf/c_images/album1584/NV4.gif HTTP/1.1" 296
[22/Jul/2025:11:59:11 -0300] ::1 TLSv1.3 TLS_AES_256_GCM_SHA384 "GET /swf/c_images/album1584/NV3.gif HTTP/1.1" 296
[22/Jul/2025:11:59:11 -0300] ::1 TLSv1.3 TLS_AES_256_GCM_SHA384 "GET /swf/c_images/album1584/NV3.gif HTTP/1.1" 296
[22/Jul/2025:11:59:12 -0300] ::1 TLSv1.3 TLS_AES_256_GCM_SHA384 "GET /swf/c_images/album1584/NV3.gif HTTP/1.1" 296
[22/Jul/2025:12:00:46 -0300] ::1 TLSv1.3 TLS_AES_256_GCM_SHA384 "GET /swf/c_images/album1584/adm.gif HTTP/1.1" 296
[22/Jul/2025:12:00:48 -0300] ::1 TLSv1.3 TLS_AES_256_GCM_SHA384 "GET /swf/c_images/album1584/adm.gif HTTP/1.1" 296
[22/Jul/2025:12:00:48 -0300] ::1 TLSv1.3 TLS_AES_256_GCM_SHA384 "GET /swf/c_images/album1584/NV2.gif HTTP/1.1" 296
[22/Jul/2025:12:00:48 -0300] ::1 TLSv1.3 TLS_AES_256_GCM_SHA384 "GET /swf/c_images/album1584/HTW02.gif HTTP/1.1" 296
[22/Jul/2025:12:00:48 -0300] ::1 TLSv1.3 TLS_AES_256_GCM_SHA384 "GET /swf/c_images/album1584/ACH_AllTimeHotelPresence3.gif HTTP/1.1" 296
[22/Jul/2025:12:00:48 -0300] ::1 TLSv1.3 TLS_AES_256_GCM_SHA384 "GET /swf/c_images/album1584/NV5.gif HTTP/1.1" 296
[22/Jul/2025:12:00:48 -0300] ::1 TLSv1.3 TLS_AES_256_GCM_SHA384 "GET /swf/c_images/album1584/NV3.gif HTTP/1.1" 296
[22/Jul/2025:12:00:48 -0300] ::1 TLSv1.3 TLS_AES_256_GCM_SHA384 "GET /swf/c_images/album1584/NV4.gif HTTP/1.1" 296
[22/Jul/2025:12:00:48 -0300] ::1 TLSv1.3 TLS_AES_256_GCM_SHA384 "GET /swf/c_images/album1584/adm.gif HTTP/1.1" 296
[22/Jul/2025:12:00:48 -0300] ::1 TLSv1.3 TLS_AES_256_GCM_SHA384 "GET /swf/c_images/album1584/ACH_RegistrationDuration1.gif HTTP/1.1" 296
[22/Jul/2025:12:00:49 -0300] ::1 TLSv1.3 TLS_AES_256_GCM_SHA384 "GET /swf/c_images/album1584/adm.gif HTTP/1.1" 296
[22/Jul/2025:13:16:03 -0300] ::1 TLSv1.3 TLS_AES_256_GCM_SHA384 "GET /swf/c_images/Habbo-Stories/shadow_multiply_02.png HTTP/1.1" 296
[22/Jul/2025:13:16:03 -0300] ::1 TLSv1.3 TLS_AES_256_GCM_SHA384 "GET /swf/c_images/Habbo-Stories/hearts_hardlight_02.png HTTP/1.1" 296
[22/Jul/2025:13:16:03 -0300] ::1 TLSv1.3 TLS_AES_256_GCM_SHA384 "GET /swf/c_images/Habbo-Stories/texture_overlay.png HTTP/1.1" 296
[22/Jul/2025:13:16:03 -0300] ::1 TLSv1.3 TLS_AES_256_GCM_SHA384 "GET /swf/c_images/Habbo-Stories/pinky_nrm.png HTTP/1.1" 296
[22/Jul/2025:13:16:03 -0300] ::1 TLSv1.3 TLS_AES_256_GCM_SHA384 "GET /swf/c_images/Habbo-Stories/stars_hardlight_02.png HTTP/1.1" 296
[22/Jul/2025:13:16:03 -0300] ::1 TLSv1.3 TLS_AES_256_GCM_SHA384 "GET /swf/c_images/Habbo-Stories/coffee_mpl.png HTTP/1.1" 296
[22/Jul/2025:13:16:03 -0300] ::1 TLSv1.3 TLS_AES_256_GCM_SHA384 "GET /swf/c_images/Habbo-Stories/security_hardlight.png HTTP/1.1" 296
[22/Jul/2025:13:16:03 -0300] ::1 TLSv1.3 TLS_AES_256_GCM_SHA384 "GET /swf/c_images/Habbo-Stories/bluemood_mpl.png HTTP/1.1" 296
[22/Jul/2025:13:16:03 -0300] ::1 TLSv1.3 TLS_AES_256_GCM_SHA384 "GET /swf/c_images/Habbo-Stories/rusty_mpl.png HTTP/1.1" 296
[22/Jul/2025:13:16:03 -0300] ::1 TLSv1.3 TLS_AES_256_GCM_SHA384 "GET /swf/c_images/Habbo-Stories/alien_hrd.png HTTP/1.1" 296
[22/Jul/2025:13:16:03 -0300] ::1 TLSv1.3 TLS_AES_256_GCM_SHA384 "GET /swf/c_images/Habbo-Stories/toxic_hrd.png HTTP/1.1" 296
[22/Jul/2025:13:16:03 -0300] ::1 TLSv1.3 TLS_AES_256_GCM_SHA384 "GET /swf/c_images/Habbo-Stories/misty_hrd.png HTTP/1.1" 296
[22/Jul/2025:13:16:03 -0300] ::1 TLSv1.3 TLS_AES_256_GCM_SHA384 "GET /swf/c_images/Habbo-Stories/drops_mpl.png HTTP/1.1" 296
[22/Jul/2025:13:16:03 -0300] ::1 TLSv1.3 TLS_AES_256_GCM_SHA384 "GET /swf/c_images/Habbo-Stories/shiny_hrd.png HTTP/1.1" 296
[22/Jul/2025:13:16:03 -0300] ::1 TLSv1.3 TLS_AES_256_GCM_SHA384 "GET /swf/c_images/Habbo-Stories/glitter_hrd.png HTTP/1.1" 296
[22/Jul/2025:13:16:03 -0300] ::1 TLSv1.3 TLS_AES_256_GCM_SHA384 "GET /swf/c_images/Habbo-Stories/frame_gold.png HTTP/1.1" 296
[22/Jul/2025:13:16:03 -0300] ::1 TLSv1.3 TLS_AES_256_GCM_SHA384 "GET /swf/c_images/Habbo-Stories/frame_gray_4.png HTTP/1.1" 296
[22/Jul/2025:13:16:03 -0300] ::1 TLSv1.3 TLS_AES_256_GCM_SHA384 "GET /swf/c_images/Habbo-Stories/frame_black_2.png HTTP/1.1" 296
[22/Jul/2025:13:16:03 -0300] ::1 TLSv1.3 TLS_AES_256_GCM_SHA384 "GET /swf/c_images/Habbo-Stories/finger_nrm.png HTTP/1.1" 296
[22/Jul/2025:13:16:03 -0300] ::1 TLSv1.3 TLS_AES_256_GCM_SHA384 "GET /swf/c_images/Habbo-Stories/frame_wood_2.png HTTP/1.1" 296
[22/Jul/2025:13:16:03 -0300] ::1 TLSv1.3 TLS_AES_256_GCM_SHA384 "GET /swf/c_images/reception/discord.png HTTP/1.1" 296
[22/Jul/2025:13:24:47 -0300] ::1 TLSv1.3 TLS_AES_256_GCM_SHA384 "GET /swf/c_images/album1584/ACH_AllTimeHotelPresence4.gif HTTP/1.1" 296
[22/Jul/2025:13:45:04 -0300] ::1 TLSv1.3 TLS_AES_256_GCM_SHA384 "GET /swf/c_images/album1584/NV2.gif HTTP/1.1" 296
[22/Jul/2025:13:45:04 -0300] ::1 TLSv1.3 TLS_AES_256_GCM_SHA384 "GET /swf/c_images/album1584/NV4.gif HTTP/1.1" 296
[22/Jul/2025:13:45:04 -0300] ::1 TLSv1.3 TLS_AES_256_GCM_SHA384 "GET /swf/c_images/album1584/ACH_AllTimeHotelPresence4.gif HTTP/1.1" 296
[22/Jul/2025:13:45:04 -0300] ::1 TLSv1.3 TLS_AES_256_GCM_SHA384 "GET /swf/c_images/album1584/HTW02.gif HTTP/1.1" 296
[22/Jul/2025:13:45:04 -0300] ::1 TLSv1.3 TLS_AES_256_GCM_SHA384 "GET /swf/c_images/album1584/NV3.gif HTTP/1.1" 296
[22/Jul/2025:13:45:04 -0300] ::1 TLSv1.3 TLS_AES_256_GCM_SHA384 "GET /swf/c_images/album1584/ACH_RegistrationDuration1.gif HTTP/1.1" 296
[22/Jul/2025:13:45:04 -0300] ::1 TLSv1.3 TLS_AES_256_GCM_SHA384 "GET /swf/c_images/album1584/adm.gif HTTP/1.1" 296
[22/Jul/2025:13:45:04 -0300] ::1 TLSv1.3 TLS_AES_256_GCM_SHA384 "GET /swf/c_images/album1584/NV5.gif HTTP/1.1" 296
[22/Jul/2025:13:45:05 -0300] ::1 TLSv1.3 TLS_AES_256_GCM_SHA384 "GET /swf/c_images/album1584/ACH_AllTimeHotelPresence4.gif HTTP/1.1" 296
[22/Jul/2025:13:45:05 -0300] ::1 TLSv1.3 TLS_AES_256_GCM_SHA384 "GET /swf/c_images/album1584/NV2.gif HTTP/1.1" 296
[22/Jul/2025:13:45:05 -0300] ::1 TLSv1.3 TLS_AES_256_GCM_SHA384 "GET /swf/c_images/album1584/HTW02.gif HTTP/1.1" 296
[22/Jul/2025:13:45:05 -0300] ::1 TLSv1.3 TLS_AES_256_GCM_SHA384 "GET /swf/c_images/album1584/adm.gif HTTP/1.1" 296
[22/Jul/2025:13:45:05 -0300] ::1 TLSv1.3 TLS_AES_256_GCM_SHA384 "GET /swf/c_images/album1584/NV5.gif HTTP/1.1" 296
[22/Jul/2025:13:45:05 -0300] ::1 TLSv1.3 TLS_AES_256_GCM_SHA384 "GET /swf/c_images/album1584/NV4.gif HTTP/1.1" 296
[22/Jul/2025:13:45:05 -0300] ::1 TLSv1.3 TLS_AES_256_GCM_SHA384 "GET /swf/c_images/album1584/NV3.gif HTTP/1.1" 296
[22/Jul/2025:13:45:05 -0300] ::1 TLSv1.3 TLS_AES_256_GCM_SHA384 "GET /swf/c_images/album1584/ACH_RegistrationDuration1.gif HTTP/1.1" 296
[22/Jul/2025:13:45:05 -0300] ::1 TLSv1.3 TLS_AES_256_GCM_SHA384 "GET /swf/c_images/album1584/NV2.gif HTTP/1.1" 296
[22/Jul/2025:13:45:05 -0300] ::1 TLSv1.3 TLS_AES_256_GCM_SHA384 "GET /swf/c_images/album1584/ACH_AllTimeHotelPresence4.gif HTTP/1.1" 296
[22/Jul/2025:13:45:06 -0300] ::1 TLSv1.3 TLS_AES_256_GCM_SHA384 "GET /swf/c_images/album1584/ACH_AllTimeHotelPresence4.gif HTTP/1.1" 296
[22/Jul/2025:13:45:07 -0300] ::1 TLSv1.3 TLS_AES_256_GCM_SHA384 "GET /swf/c_images/album1584/ACH_AllTimeHotelPresence4.gif HTTP/1.1" 296
